0 info it worked if it ends with ok
1 verbose cli [ '/usr/bin/nodejs', '/usr/bin/npm', 'run', 'dev-server' ]
2 info using npm@4.0.5
3 info using node@v7.4.0
4 verbose run-script [ 'predev-server', 'dev-server', 'postdev-server' ]
5 info lifecycle react001@1.0.0~predev-server: react001@1.0.0
6 silly lifecycle react001@1.0.0~predev-server: no script for predev-server, continuing
7 info lifecycle react001@1.0.0~dev-server: react001@1.0.0
8 verbose lifecycle react001@1.0.0~dev-server: unsafe-perm in lifecycle true
9 verbose lifecycle react001@1.0.0~dev-server: PATH: /usr/lib/node_modules/npm/bin/node-gyp-bin:/home/kira/React/react001/node_modules/.bin:/home/kira/bin:/home/kira/.local/bin:/home/kira/bin:/home/kira/.local/bin:/usr/local/sbin:/usr/local/bin:/usr/sbin:/usr/bin:/sbin:/bin:/usr/games:/usr/local/games:/snap/bin:/usr/lib/jvm/java-8-oracle/bin:/usr/lib/jvm/java-8-oracle/db/bin:/usr/lib/jvm/java-8-oracle/jre/bin:/snap/bin:/usr/lib/jvm/java-8-oracle/bin:/usr/lib/jvm/java-8-oracle/db/bin:/usr/lib/jvm/java-8-oracle/jre/bin
10 verbose lifecycle react001@1.0.0~dev-server: CWD: /home/kira/React/react001
11 silly lifecycle react001@1.0.0~dev-server: Args: [ '-c', 'webpack-dev-server' ]
12 silly lifecycle react001@1.0.0~dev-server: Returned: code: 1  signal: null
13 info lifecycle react001@1.0.0~dev-server: Failed to exec dev-server script
14 verbose stack Error: react001@1.0.0 dev-server: `webpack-dev-server`
14 verbose stack Exit status 1
14 verbose stack     at EventEmitter.<anonymous> (/usr/lib/node_modules/npm/lib/utils/lifecycle.js:279:16)
14 verbose stack     at emitTwo (events.js:106:13)
14 verbose stack     at EventEmitter.emit (events.js:191:7)
14 verbose stack     at ChildProcess.<anonymous> (/usr/lib/node_modules/npm/lib/utils/spawn.js:40:14)
14 verbose stack     at emitTwo (events.js:106:13)
14 verbose stack     at ChildProcess.emit (events.js:191:7)
14 verbose stack     at maybeClose (internal/child_process.js:885:16)
14 verbose stack     at Process.ChildProcess._handle.onexit (internal/child_process.js:226:5)
15 verbose pkgid react001@1.0.0
16 verbose cwd /home/kira/React/react001
17 error Linux 4.4.0-59-generic
18 error argv "/usr/bin/nodejs" "/usr/bin/npm" "run" "dev-server"
19 error node v7.4.0
20 error npm  v4.0.5
21 error code ELIFECYCLE
22 error react001@1.0.0 dev-server: `webpack-dev-server`
22 error Exit status 1
23 error Failed at the react001@1.0.0 dev-server script 'webpack-dev-server'.
23 error Make sure you have the latest version of node.js and npm installed.
23 error If you do, this is most likely a problem with the react001 package,
23 error not with npm itself.
23 error Tell the author that this fails on your system:
23 error     webpack-dev-server
23 error You can get information on how to open an issue for this project with:
23 error     npm bugs react001
23 error Or if that isn't available, you can get their info via:
23 error     npm owner ls react001
23 error There is likely additional logging output above.
24 verbose exit [ 1, true ]
